* Starting client
* Connecting to master process on port 10687
* Analyzing classpath: 
  - /home/mirkoyves/Escritorio/tp2-genAuto/tp2-genAuto-EvoSuite/stackar/stackar/target/classes
  - /home/mirkoyves/.m2/repository/junit/junit/4.11/junit-4.11.jar
  - /home/mirkoyves/.m2/repository/org/hamcrest/hamcrest-core/1.3/hamcrest-core-1.3.jar
* Finished analyzing classpath
* Generating tests for class math.util.FastMath
* Test criteria:
  - Line Coverage
  - Branch Coverage
  - Exception
  - Mutation testing (weak)
  - Method-Output Coverage
  - Top-Level Method Coverage
  - No-Exception Top-Level Method Coverage
  - Context Branch Coverage
* Setting up search algorithm for whole suite generation
[MASTER] 00:23:45.026 [pool-2-thread-1] WARN  TestSuiteSerialization - Cannot load tests because file does not exist: /home/mirkoyves/Escritorio/tp2-genAuto/tp2-genAuto-EvoSuite/stackar/stackar/.evosuite/evosuite-seeds/math.util.FastMath.seed
* Total number of test goals: 
  - Line 1476
  - Branch 830
  - Exception 0
  - MutationFactory 798
  - Output 177
  - Method 63
  - MethodNoException 63
  - CBranchFitnessFactory 830
* Using seed 1499138618007
* Starting evolution
